Start testing: Jan 06 09:07 CET
----------------------------------------------------------
1/1 Testing: SimpleTest
1/1 Test: SimpleTest
Command: "/home/iut45/Etudiants/o22300336/Bureau/Cours/multimedia/td1/TD5/b/td"
Directory: /home/iut45/Etudiants/o22300336/Bureau/Cours/multimedia/td1/TD5/b
"SimpleTest" start time: Jan 06 09:07 CET
Output:
----------------------------------------------------------
81006.42372
<end of output>
Test time =   2.12 sec
----------------------------------------------------------
Test Passed.
"SimpleTest" end time: Jan 06 09:07 CET
"SimpleTest" time elapsed: 00:00:02
----------------------------------------------------------

End testing: Jan 06 09:07 CET
