Start testing: Nov 28 09:25 CET
----------------------------------------------------------
1/1 Testing: SimpleTest
1/1 Test: SimpleTest
Command: "/home/iut45/Etudiants/o22300336/Bureau/Cours/multimedia/td1/TD2/TDDepart/b/td"
Directory: /home/iut45/Etudiants/o22300336/Bureau/Cours/multimedia/td1/TD2/TDDepart/b
"SimpleTest" start time: Nov 28 09:25 CET
Output:
----------------------------------------------------------
reshape
display
display
display
display
display
display
display
display
display
display
display
display
display
display
display
display
display
display
display
display
display
display
display
display
display
display
display
display
display
display
display
display
display
display
display
display
display
display
display
display
display
display
display
display
display
display
display
display
display
display
display
display
display
display
display
display
display
display
display
display
display
display
display
display
display
display
display
display
display
display
display
display
display
display
display
display
display
display
display
display
display
display
display
display
display
display
display
display
display
display
display
display
display
display
display
display
display
display
display
display
display
display
display
display
display
display
display
display
display
display
display
display
display
display
display
display
display
display
display
display
display
display
display
display
display
display
display
display
display
display
display
display
display
display
display
display
display
display
display
display
display
display
display
display
display
display
display
display
display
display
display
display
display
display
display
display
display
display
display
display
display
display
display
display
display
display
display
display
display
display
display
display
display
display
display
display
display
display
display
display
display
display
display
display
display
display
display
display
display
display
display
display
display
display
display
display
display
display
display
display
display
display
display
display
display
display
display
display
display
display
display
display
display
display
display
display
display
display
display
display
display
display
display
display
display
display
display
display
display
display
display
display
display
display
display
display
display
display
display
display
display
display
display
display
display
display
display
display
display
display
display
display
display
display
display
display
display
display
display
display
display
display
display
display
display
display
display
display
display
display
display
display
display
display
display
display
display
display
display
display
display
display
display
display
display
display
display
display
display
display
display
display
display
display
display
display
display
display
display
display
display
display
display
display
display
display
display
display
display
display
display
display
display
display
display
display
display
display
display
display
display
display
display
display
display
display
display
display
display
display
display
display
display
display
display
display
display
display
display
display
display
display
display
display
display
display
display
display
display
display
display
display
display
display
display
display
display
display
display
display
display
display
display
display
display
display
display
display
display
display
display
display
display
display
display
display
display
display
display
display
display
display
display
display
display
display
display
display
display
display
display
display
display
display
display
display
display
display
display
display
display
<end of output>
Test time =   6.19 sec
----------------------------------------------------------
Test Passed.
"SimpleTest" end time: Nov 28 09:25 CET
"SimpleTest" time elapsed: 00:00:06
----------------------------------------------------------

End testing: Nov 28 09:25 CET
