Start testing: Jan 08 11:39 CET
----------------------------------------------------------
1/1 Testing: SimpleTest
1/1 Test: SimpleTest
Command: "/home/iut45/Etudiants/o22300336/Bureau/Cours/multimedia/td1/TD6/b/td"
Directory: /home/iut45/Etudiants/o22300336/Bureau/Cours/multimedia/td1/TD6/b
"SimpleTest" start time: Jan 08 11:39 CET
Output:
----------------------------------------------------------
<end of output>
Test time =  54.05 sec
----------------------------------------------------------
Test Passed.
"SimpleTest" end time: Jan 08 11:40 CET
"SimpleTest" time elapsed: 00:00:54
----------------------------------------------------------

End testing: Jan 08 11:40 CET
